\BOOKMARK [0][-]{dedication.0}{Dedicat\363ria}{}% 1
\BOOKMARK [0][-]{acknowledgements.0}{Agradecimentos}{}% 2
\BOOKMARK [0][-]{resumo.0}{Resumo}{}% 3
\BOOKMARK [0][-]{abstract.0}{Abstract}{}% 4
\BOOKMARK [0][-]{chapter.1}{Introdu\347\343o}{}% 5
\BOOKMARK [1][-]{section.1.1}{Motiva\347\343o}{chapter.1}% 6
\BOOKMARK [1][-]{section.1.2}{Problema}{chapter.1}% 7
\BOOKMARK [1][-]{section.1.3}{Objetivo}{chapter.1}% 8
\BOOKMARK [2][-]{subsection.1.3.1}{Principal}{section.1.3}% 9
\BOOKMARK [2][-]{subsection.1.3.2}{Espec\355ficos}{section.1.3}% 10
\BOOKMARK [1][-]{section.1.4}{Organiza\347\343o do Trabalho}{chapter.1}% 11
\BOOKMARK [0][-]{chapter.2}{Computa\347\343o em Nuvem}{}% 12
\BOOKMARK [1][-]{section.2.1}{Sistemas Distribu\355dos}{chapter.2}% 13
\BOOKMARK [2][-]{subsection.2.1.1}{Cluster Computacional}{section.2.1}% 14
\BOOKMARK [2][-]{subsection.2.1.2}{Grid Computacional}{section.2.1}% 15
\BOOKMARK [1][-]{section.2.2}{Nuvem Computacional}{chapter.2}% 16
\BOOKMARK [2][-]{subsection.2.2.1}{Tipos de Nuvens}{section.2.2}% 17
\BOOKMARK [2][-]{subsection.2.2.2}{Arquitetura}{section.2.2}% 18
\BOOKMARK [2][-]{subsection.2.2.3}{Modelos de Servi\347o}{section.2.2}% 19
\BOOKMARK [1][-]{section.2.3}{Federa\347\343o de Nuvens}{chapter.2}% 20
\BOOKMARK [0][-]{chapter.3}{Workflow Cient\355fico}{}% 21
\BOOKMARK [1][-]{section.3.1}{Conceitos e Defini\347\365es}{chapter.3}% 22
\BOOKMARK [1][-]{section.3.2}{Ciclo de Vida de um Workflow}{chapter.3}% 23
\BOOKMARK [1][-]{section.3.3}{Sistemas Gerenciadores de Workflows Cient\355ficos}{chapter.3}% 24
\BOOKMARK [1][-]{section.3.4}{Exemplos de Sistemas Gerenciadores de Workflows Cient\355ficos}{chapter.3}% 25
\BOOKMARK [1][-]{section.3.5}{Vantagens na Utiliza\347\343o de um Sistema Gerenciador de Workflows Cient\355ficos}{chapter.3}% 26
\BOOKMARK [0][-]{chapter.4}{BioNimbuZ}{}% 27
\BOOKMARK [1][-]{section.4.1}{Principais Caracter\355sticas}{chapter.4}% 28
\BOOKMARK [2][-]{subsection.4.1.1}{Apache Avro}{section.4.1}% 29
\BOOKMARK [2][-]{subsection.4.1.2}{Apache ZooKeeper}{section.4.1}% 30
\BOOKMARK [1][-]{section.4.2}{Arquitetura do BioNimbuZ}{chapter.4}% 31
\BOOKMARK [2][-]{subsection.4.2.1}{Camada de interface com o usu\341rio}{section.4.2}% 32
\BOOKMARK [2][-]{subsection.4.2.2}{Camada de N\372cleo}{section.4.2}% 33
\BOOKMARK [2][-]{subsection.4.2.3}{Camada de Infraestrutura}{section.4.2}% 34
\BOOKMARK [0][-]{chapter.5}{Sistema Gerenciador de Workflows Cient\355ficos para o BioNimbuZ}{}% 35
\BOOKMARK [1][-]{section.5.1}{Do terminal para a Interface Web}{chapter.5}% 36
\BOOKMARK [1][-]{section.5.2}{Novos Requisitos}{chapter.5}% 37
\BOOKMARK [1][-]{section.5.3}{Proposta de uma Nova Arquitetura}{chapter.5}% 38
\BOOKMARK [1][-]{section.5.4}{Aplica\347\343o Web}{chapter.5}% 39
\BOOKMARK [2][-]{subsection.5.4.1}{Camada de Modelo}{section.5.4}% 40
\BOOKMARK [2][-]{subsection.5.4.2}{Camada de Visualiza\347\343o}{section.5.4}% 41
\BOOKMARK [2][-]{subsection.5.4.3}{Camada de Controle}{section.5.4}% 42
\BOOKMARK [1][-]{section.5.5}{Camada de Comunica\347\343o}{chapter.5}% 43
\BOOKMARK [1][-]{section.5.6}{Altera\347\365es realizadas no N\372cleo do BioNimbuZ}{chapter.5}% 44
\BOOKMARK [0][-]{chapter.6}{Resultados Obtidos}{}% 45
\BOOKMARK [0][-]{chapter.7}{Conclus\365es e Trabalhos Futuros}{}% 46
\BOOKMARK [0][-]{section*.8}{Refer\352ncias}{}% 47
